nativeAds/build/outputs/mapping/debug/seeds.txt
com.google.android.ads.nativetemplates.R$dimen
com.google.android.ads.nativetemplates.R$drawable
com.google.android.ads.nativetemplates.R$layout
com.google.android.ads.nativetemplates.R$color
com.google.android.ads.nativetemplates.R$id
com.google.android.ads.nativetemplates.R$styleable
com.google.android.ads.nativetemplates.R$string
com.google.android.ads.nativetemplates.R
com.google.android.ads.nativetemplates.R$attr
com.google.android.ads.nativetemplates.TemplateView
com.google.android.ads.nativetemplates.R$id: int gnt_imageview
com.google.android.ads.nativetemplates.R$id: int backgroundColor
com.google.android.ads.nativetemplates.R$layout: int loading_medium_variant_one_bottom
com.google.android.ads.nativetemplates.R$id: int media_view
com.google.android.ads.nativetemplates.R$drawable: int gnt_var_two_image_bg
com.google.android.ads.nativetemplates.R$color: int gnt_green
com.google.android.ads.nativetemplates.R$color: int gnt_green_dark
com.google.android.ads.nativetemplates.R$id: int googleTemplate
com.google.android.ads.nativetemplates.R$color: int gnt_test_background_color_2
com.google.android.ads.nativetemplates.R$id: int rating_bar
com.google.android.ads.nativetemplates.R$id: int adsContainer
com.google.android.ads.nativetemplates.R$id: int shimmerEffect
com.google.android.ads.nativetemplates.R$drawable: int button_style
com.google.android.ads.nativetemplates.R$layout: int loading_small_variant_three_top
com.google.android.ads.nativetemplates.R$layout: int loading_small_variant_three_bottom
com.google.android.ads.nativetemplates.R$id: int gnt_guideline
com.google.android.ads.nativetemplates.R$id: int cardAds
com.google.android.ads.nativetemplates.R$drawable: int gnt_banner_var_one
com.google.android.ads.nativetemplates.R$id: int secondary
com.google.android.ads.nativetemplates.R$id: int ad_notification_view
com.google.android.ads.nativetemplates.R$layout: int loading_large_variant_three_top
com.google.android.ads.nativetemplates.R$drawable: int gnt_rounded_corners_shape
com.google.android.ads.nativetemplates.R$layout: int gnt_medium_template_view
com.google.android.ads.nativetemplates.R$id: int rating
com.google.android.ads.nativetemplates.R$id: int cta123
com.google.android.ads.nativetemplates.R$id: int container_cl
com.google.android.ads.nativetemplates.R$drawable: int gnt_bg_ad
com.google.android.ads.nativetemplates.R$layout: int medium_variant_two_bottom
com.google.android.ads.nativetemplates.R$color: int gnt_splash_bg
com.google.android.ads.nativetemplates.R$drawable: int gnt_stylish_bg
com.google.android.ads.nativetemplates.R$color: int gnt_black
com.google.android.ads.nativetemplates.R$drawable: int gnt_rounded_var_two
com.google.android.ads.nativetemplates.R$layout: int small_variant_two_top
com.google.android.ads.nativetemplates.R$color: int gnt_white
com.google.android.ads.nativetemplates.R$id: int progress_bar
com.google.android.ads.nativetemplates.R$dimen: int gnt_medium_template_top_weight
com.google.android.ads.nativetemplates.R$layout: int small_variant_two_bottom
com.google.android.ads.nativetemplates.R$string: int gnt_loading_ad
com.google.android.ads.nativetemplates.R$id: int toolbar
com.google.android.ads.nativetemplates.R$layout: int medium_variant_one_top
com.google.android.ads.nativetemplates.R$dimen: int gnt_no_size
com.google.android.ads.nativetemplates.R$layout: int medium_variant_two_top
com.google.android.ads.nativetemplates.R$layout: int large_variant_three_bottom
com.google.android.ads.nativetemplates.R$id: int lrLoading
com.google.android.ads.nativetemplates.R$drawable: int star
com.google.android.ads.nativetemplates.R$color: int gnt_gray
com.google.android.ads.nativetemplates.R$drawable: int gnt_outline_shape
com.google.android.ads.nativetemplates.R$layout: int loading_banner_variant_two
com.google.android.ads.nativetemplates.R$layout: int small_variant_one_bottom
com.google.android.ads.nativetemplates.R$layout: int loading_large_variant_one_top